<?xml version="1.0" encoding="UTF-8"?>
<!-- Generated by org.testng.reporters.JUnitXMLReporter -->
<testsuite hostname="Dell-Xps-15-12" name="Default test" tests="7" failures="0" timestamp="20 Feb 2018 03:04:43 GMT" time="48.247" errors="0">
  <testcase name="given_AboutHamburgerButton_when_Hovered_then_Highlighted" time="2.529" classname="com.inhancewebsiteautomationtest.tests.InhanceWebsiteAboutPageTest"/>
  <testcase name="given_AboutHamburgerButton_when_Pressed_then_MenuIsDisplayed" time="2.254" classname="com.inhancewebsiteautomationtest.tests.InhanceWebsiteAboutPageTest"/>
  <testcase name="given_AboutHamburgerButton_when_Unhovered_then_Dehighlighted" time="4.396" classname="com.inhancewebsiteautomationtest.tests.InhanceWebsiteAboutPageTest"/>
  <testcase name="given_AboutLogoButton_when_Hovered_then_Highlighted" time="2.783" classname="com.inhancewebsiteautomationtest.tests.InhanceWebsiteAboutPageTest"/>
  <testcase name="given_AboutLogoButton_when_Unhovered_then_Dehighlighted" time="1.931" classname="com.inhancewebsiteautomationtest.tests.InhanceWebsiteAboutPageTest"/>
  <testcase name="given_AboutPage_when_Loaded_then_AboutPageIsLoaded" time="0.892" classname="com.inhancewebsiteautomationtest.tests.InhanceWebsiteAboutPageTest"/>
  <testcase name="given_AboutPage_when_Loaded_then_PageBackgroundIsDisplayed" time="2.812" classname="com.inhancewebsiteautomationtest.tests.InhanceWebsiteAboutPageTest"/>
</testsuite> <!-- Default test -->
