<?xml version="1.0" encoding="UTF-8"?>
<!-- Generated by org.testng.reporters.JUnitXMLReporter -->
<testsuite hostname="Dell-Xps-15-12" name="Command line test" tests="3" failures="0" timestamp="21 Feb 2018 18:00:29 GMT" time="32.853" errors="0">
  <testcase name="given_AboutEnergyLink_when_Clicked_then_EnergyPageIsLoaded" time="8.163" classname="com.inhancewebsiteautomationtest.tests.InhanceWebsiteAboutPageTest"/>
  <testcase name="given_AboutEnergyLink_when_Hovered_then_Animate" time="2.202" classname="com.inhancewebsiteautomationtest.tests.InhanceWebsiteAboutPageTest"/>
  <testcase name="given_AboutEnergyLink_when_Unhovered_then_Animate" time="2.665" classname="com.inhancewebsiteautomationtest.tests.InhanceWebsiteAboutPageTest"/>
</testsuite> <!-- Command line test -->
