<?xml version="1.0" encoding="UTF-8"?>
<testng-results skipped="0" failed="0" total="1" passed="1">
  <reporter-output>
  </reporter-output>
  <suite name="Default suite" duration-ms="13621" started-at="2018-02-27T01:53:32Z" finished-at="2018-02-27T01:53:46Z">
    <groups>
    </groups>
    <test name="Default test" duration-ms="13621" started-at="2018-02-27T01:53:32Z" finished-at="2018-02-27T01:53:46Z">
      <class name="com.inhancewebsiteautomationtest.tests.FrameworkWebAutomation">
        <test-method status="PASS" signature="setUp()[pri:0, instance:com.inhancewebsiteautomationtest.tests.FrameworkWebAutomation@1fc2b765]" name="setUp" is-config="true" duration-ms="4231" started-at="2018-02-26T17:53:32Z" finished-at="2018-02-26T17:53:36Z">
          <reporter-output>
          </reporter-output>
        </test-method> <!-- setUp -->
        <test-method status="PASS" signature="test()[pri:0, instance:com.inhancewebsiteautomationtest.tests.FrameworkWebAutomation@1fc2b765]" name="test" duration-ms="8113" started-at="2018-02-26T17:53:36Z" finished-at="2018-02-26T17:53:45Z">
          <reporter-output>
          </reporter-output>
        </test-method> <!-- test -->
        <test-method status="PASS" signature="afterMethod()[pri:0, instance:com.inhancewebsiteautomationtest.tests.FrameworkWebAutomation@1fc2b765]" name="afterMethod" is-config="true" duration-ms="262" started-at="2018-02-26T17:53:45Z" finished-at="2018-02-26T17:53:45Z">
          <reporter-output>
          </reporter-output>
        </test-method> <!-- afterMethod -->
        <test-method status="PASS" signature="tearDown()[pri:0, instance:com.inhancewebsiteautomationtest.tests.FrameworkWebAutomation@1fc2b765]" name="tearDown" is-config="true" duration-ms="994" started-at="2018-02-26T17:53:45Z" finished-at="2018-02-26T17:53:46Z">
          <reporter-output>
          </reporter-output>
        </test-method> <!-- tearDown -->
      </class> <!-- com.inhancewebsiteautomationtest.tests.FrameworkWebAutomation -->
    </test> <!-- Default test -->
  </suite> <!-- Default suite -->
</testng-results>
